     1 00000000                                 ; hello-os
     2 00000000                                 ; TAB=4
     3 00000000                                 
     4                                          		ORG		0x7c00			; 指名程序的装在地址
     5 00007C00                                 
     6 00007C00                                 ; 以下的技?用于?准的FAT12格式的??
     7 00007C00                                 
     8 00007C00 EB 4E                           		JMP		entry
     9 00007C02 90                              		DB		0x90
    10 00007C03 48 45 4C 4C 4F 49 50 4C         		DB		"HELLOIPL"		; ??扇区名称（8字?）
    11 00007C0B 0200                            		DW		512				; ?个扇区（sector）大小（必?512字?）
    12 00007C0D 01                              		DB		1				; 簇（cluster）大小（必??1个扇区）
    13 00007C0E 0001                            		DW		1				; FAT起始位置（一般?第一个扇区）
    14 00007C10 02                              		DB		2				; FAT个数（必??2）
    15 00007C11 00E0                            		DW		224				; 根目?大小（一般?224?）
    16 00007C13 0B40                            		DW		2880			; ?磁?大小（必??2880扇区1440*1024/512）
    17 00007C15 F0                              		DB		0xf0			; 磁??型（必??0xf0）
    18 00007C16 0009                            		DW		9				; FAT的?度（必??9扇区）
    19 00007C18 0012                            		DW		18				; 一个磁道（track）有几个扇区（必??18）
    20 00007C1A 0002                            		DW		2				; 磁?数（必??2）
    21 00007C1C 00000000                        		DD		0				; 不使用分区，必?是0
    22 00007C20 00000B40                        		DD		2880			; 重写一次磁?大小
    23 00007C24 00 00 29                        		DB		0,0,0x29		; 意?不明（固定）
    24 00007C27 FFFFFFFF                        		DD		0xffffffff		; （可能是）卷?号?
    25 00007C2B 48 45 4C 4C 4F 2D 4F 53 20 20   		DB		"HELLO-OS   "	; 磁?的名称（必??11字?，不足填空格）
       00007C35 20 
    26 00007C36 46 41 54 31 32 20 20 20         		DB		"FAT12   "		; 磁?格式名称（必??8字?，不足填空格）
    27 00007C3E 00 00 00 00 00 00 00 00 00 00   		RESB	18				; 先空出18字?
       00007C48 00 00 00 00 00 00 00 00 
    28 00007C50                                 
    29 00007C50                                 ; プログラム本体
    30 00007C50                                 
    31 00007C50                                 entry:
    32 00007C50 B8 0000                         		MOV		AX,0			; 初始化寄存器
    33 00007C53 8E D0                           		MOV		SS,AX
    34 00007C55 BC 7C00                         		MOV		SP,0x7c00
    35 00007C58 8E D8                           		MOV		DS,AX
    36 00007C5A 8E C0                           		MOV		ES,AX
    37 00007C5C                                 
    38 00007C5C BE 7C74                         		MOV		SI,msg
    39 00007C5F                                 putloop:
    40 00007C5F 8A 04                           		MOV		AL,[SI]
    41 00007C61 83 C6 01                        		ADD		SI,1			; ?SI加1
    42 00007C64 3C 00                           		CMP		AL,0
    43 00007C66 74 09                           		JE		fin
    44 00007C68 B4 0E                           		MOV		AH,0x0e			; ?示一个文字
    45 00007C6A BB 000F                         		MOV		BX,15			; 指定字符?色
    46 00007C6D CD 10                           		INT		0x10			; ?用??BIOS
    47 00007C6F EB EE                           		JMP		putloop
    48 00007C71                                 fin:
    49 00007C71 F4                              		HLT						; ?CPU停止，等待指令
    50 00007C72 EB FD                           		JMP		fin				; 无限循?
    51 00007C74                                 
    52 00007C74                                 msg:
    53 00007C74 0A 0A                           		DB		0x0a, 0x0a		; ?行2次
    54 00007C76 68 65 6C 6C 6F 2C 20 77 6F 72   		DB		"hello, world"
       00007C80 6C 64 
    55 00007C82 0A                              		DB		0x0a			; ?行
    56 00007C83 00                              		DB		0
    57 00007C84                                 
    58 00007C84 00 00 00 00 00 00 00 00 00 00   		RESB	0x7dfe-$		; 填写0x00直到0x001fe
       00007C8E 00 00 00 00 00 00 00 00 00 00 
       00007C98 00 00 00 00 00 00 00 00 00 00 
       00007CA2 00 00 00 00 00 00 00 00 00 00 
       00007CAC 00 00 00 00 00 00 00 00 00 00 
       00007CB6 00 00 00 00 00 00 00 00 00 00 
       00007CC0 00 00 00 00 00 00 00 00 00 00 
       00007CCA 00 00 00 00 00 00 00 00 00 00 
       00007CD4 00 00 00 00 00 00 00 00 00 00 
       00007CDE 00 00 00 00 00 00 00 00 00 00 
       00007CE8 00 00 00 00 00 00 00 00 00 00 
       00007CF2 00 00 00 00 00 00 00 00 00 00 
       00007CFC 00 00 00 00 00 00 00 00 00 00 
       00007D06 00 00 00 00 00 00 00 00 00 00 
       00007D10 00 00 00 00 00 00 00 00 00 00 
       00007D1A 00 00 00 00 00 00 00 00 00 00 
       00007D24 00 00 00 00 00 00 00 00 00 00 
       00007D2E 00 00 00 00 00 00 00 00 00 00 
       00007D38 00 00 00 00 00 00 00 00 00 00 
       00007D42 00 00 00 00 00 00 00 00 00 00 
       00007D4C 00 00 00 00 00 00 00 00 00 00 
       00007D56 00 00 00 00 00 00 00 00 00 00 
       00007D60 00 00 00 00 00 00 00 00 00 00 
       00007D6A 00 00 00 00 00 00 00 00 00 00 
       00007D74 00 00 00 00 00 00 00 00 00 00 
       00007D7E 00 00 00 00 00 00 00 00 00 00 
       00007D88 00 00 00 00 00 00 00 00 00 00 
       00007D92 00 00 00 00 00 00 00 00 00 00 
       00007D9C 00 00 00 00 00 00 00 00 00 00 
       00007DA6 00 00 00 00 00 00 00 00 00 00 
       00007DB0 00 00 00 00 00 00 00 00 00 00 
       00007DBA 00 00 00 00 00 00 00 00 00 00 
       00007DC4 00 00 00 00 00 00 00 00 00 00 
       00007DCE 00 00 00 00 00 00 00 00 00 00 
       00007DD8 00 00 00 00 00 00 00 00 00 00 
       00007DE2 00 00 00 00 00 00 00 00 00 00 
       00007DEC 00 00 00 00 00 00 00 00 00 00 
       00007DF6 00 00 00 00 00 00 00 00 
    59 00007DFE                                 
    60 00007DFE 55 AA                           		DB		0x55, 0xaa